<?xml version="1.0" encoding="UTF-8"?>
<!-- Generated by org.testng.reporters.JUnitReportReporter -->
<testsuite skipped="0" hostname="cdc2-l-F1TDG12" name="ApplicationTesting" tests="2" failures="0" timestamp="2021-03-24T14:31:56 IST" time="0.009" errors="0">
  <testcase name="Register" time="0.006" classname="ApplicationTesting"/>
  <system-out/>
  <testcase name="login" time="0.003" classname="ApplicationTesting"/>
  <system-out/>
</testsuite> <!-- ApplicationTesting -->
